Determining if the pthread_create exist failed with the following output:
Change Dir: /root/networkProject/lesson3/CMakeFiles/CMakeTmp

Run Build Command:"/usr/bin/make" "cmTC_0900f/fast"
make[1]: Entering directory '/root/networkProject/lesson3/CMakeFiles/CMakeTmp'
/usr/bin/make -f CMakeFiles/cmTC_0900f.dir/build.make CMakeFiles/cmTC_0900f.dir/build
make[2]: Entering directory '/root/networkProject/lesson3/CMakeFiles/CMakeTmp'
Building C object CMakeFiles/cmTC_0900f.dir/CheckSymbolExists.c.o
/usr/bin/cc     -o CMakeFiles/cmTC_0900f.dir/CheckSymbolExists.c.o   -c /root/networkProject/lesson3/CMakeFiles/CMakeTmp/CheckSymbolExists.c
Linking C executable cmTC_0900f
/usr/bin/cmake -E cmake_link_script CMakeFiles/cmTC_0900f.dir/link.txt --verbose=1
/usr/bin/cc       CMakeFiles/cmTC_0900f.dir/CheckSymbolExists.c.o  -o cmTC_0900f 
CMakeFiles/cmTC_0900f.dir/CheckSymbolExists.c.o: In function `main':
CheckSymbolExists.c:(.text+0x16): undefined reference to `pthread_create'
collect2: error: ld returned 1 exit status
CMakeFiles/cmTC_0900f.dir/build.make:97: recipe for target 'cmTC_0900f' failed
make[2]: *** [cmTC_0900f] Error 1
make[2]: Leaving directory '/root/networkProject/lesson3/CMakeFiles/CMakeTmp'
Makefile:126: recipe for target 'cmTC_0900f/fast' failed
make[1]: *** [cmTC_0900f/fast] Error 2
make[1]: Leaving directory '/root/networkProject/lesson3/CMakeFiles/CMakeTmp'

File /root/networkProject/lesson3/CMakeFiles/CMakeTmp/CheckSymbolExists.c:
/* */
#include <pthread.h>

int main(int argc, char** argv)
{
  (void)argv;
#ifndef pthread_create
  return ((int*)(&pthread_create))[argc];
#else
  (void)argc;
  return 0;
#endif
}

Determining if the function pthread_create exists in the pthreads failed with the following output:
Change Dir: /root/networkProject/lesson3/CMakeFiles/CMakeTmp

Run Build Command:"/usr/bin/make" "cmTC_34126/fast"
make[1]: Entering directory '/root/networkProject/lesson3/CMakeFiles/CMakeTmp'
/usr/bin/make -f CMakeFiles/cmTC_34126.dir/build.make CMakeFiles/cmTC_34126.dir/build
make[2]: Entering directory '/root/networkProject/lesson3/CMakeFiles/CMakeTmp'
Building C object CMakeFiles/cmTC_34126.dir/CheckFunctionExists.c.o
/usr/bin/cc    -DCHECK_FUNCTION_EXISTS=pthread_create   -o CMakeFiles/cmTC_34126.dir/CheckFunctionExists.c.o   -c /usr/share/cmake-3.5/Modules/CheckFunctionExists.c
Linking C executable cmTC_34126
/usr/bin/cmake -E cmake_link_script CMakeFiles/cmTC_34126.dir/link.txt --verbose=1
/usr/bin/cc   -DCHECK_FUNCTION_EXISTS=pthread_create    CMakeFiles/cmTC_34126.dir/CheckFunctionExists.c.o  -o cmTC_34126 -lpthreads 
/usr/bin/ld: cannot find -lpthreads
collect2: error: ld returned 1 exit status
CMakeFiles/cmTC_34126.dir/build.make:97: recipe for target 'cmTC_34126' failed
make[2]: *** [cmTC_34126] Error 1
make[2]: Leaving directory '/root/networkProject/lesson3/CMakeFiles/CMakeTmp'
Makefile:126: recipe for target 'cmTC_34126/fast' failed
make[1]: *** [cmTC_34126/fast] Error 2
make[1]: Leaving directory '/root/networkProject/lesson3/CMakeFiles/CMakeTmp'


Determining if the pthread_create exist failed with the following output:
Change Dir: /root/networkProject/lesson3-zhangxiyi/CMakeFiles/CMakeTmp

Run Build Command:"/usr/bin/make" "cmTC_80a88/fast"
/usr/bin/make -f CMakeFiles/cmTC_80a88.dir/build.make CMakeFiles/cmTC_80a88.dir/build
make[1]: Entering directory '/root/networkProject/lesson3-zhangxiyi/CMakeFiles/CMakeTmp'
Building C object CMakeFiles/cmTC_80a88.dir/CheckSymbolExists.c.o
/usr/bin/cc     -o CMakeFiles/cmTC_80a88.dir/CheckSymbolExists.c.o   -c /root/networkProject/lesson3-zhangxiyi/CMakeFiles/CMakeTmp/CheckSymbolExists.c
Linking C executable cmTC_80a88
/usr/bin/cmake -E cmake_link_script CMakeFiles/cmTC_80a88.dir/link.txt --verbose=1
/usr/bin/cc       CMakeFiles/cmTC_80a88.dir/CheckSymbolExists.c.o  -o cmTC_80a88 
CMakeFiles/cmTC_80a88.dir/CheckSymbolExists.c.o: In function `main':
CheckSymbolExists.c:(.text+0x16): undefined reference to `pthread_create'
collect2: error: ld returned 1 exit status
CMakeFiles/cmTC_80a88.dir/build.make:97: recipe for target 'cmTC_80a88' failed
make[1]: *** [cmTC_80a88] Error 1
make[1]: Leaving directory '/root/networkProject/lesson3-zhangxiyi/CMakeFiles/CMakeTmp'
Makefile:126: recipe for target 'cmTC_80a88/fast' failed
make: *** [cmTC_80a88/fast] Error 2

File /root/networkProject/lesson3-zhangxiyi/CMakeFiles/CMakeTmp/CheckSymbolExists.c:
/* */
#include <pthread.h>

int main(int argc, char** argv)
{
  (void)argv;
#ifndef pthread_create
  return ((int*)(&pthread_create))[argc];
#else
  (void)argc;
  return 0;
#endif
}

Determining if the function pthread_create exists in the pthreads failed with the following output:
Change Dir: /root/networkProject/lesson3-zhangxiyi/CMakeFiles/CMakeTmp

Run Build Command:"/usr/bin/make" "cmTC_0129f/fast"
/usr/bin/make -f CMakeFiles/cmTC_0129f.dir/build.make CMakeFiles/cmTC_0129f.dir/build
make[1]: Entering directory '/root/networkProject/lesson3-zhangxiyi/CMakeFiles/CMakeTmp'
Building C object CMakeFiles/cmTC_0129f.dir/CheckFunctionExists.c.o
/usr/bin/cc    -DCHECK_FUNCTION_EXISTS=pthread_create   -o CMakeFiles/cmTC_0129f.dir/CheckFunctionExists.c.o   -c /usr/share/cmake-3.5/Modules/CheckFunctionExists.c
Linking C executable cmTC_0129f
/usr/bin/cmake -E cmake_link_script CMakeFiles/cmTC_0129f.dir/link.txt --verbose=1
/usr/bin/cc   -DCHECK_FUNCTION_EXISTS=pthread_create    CMakeFiles/cmTC_0129f.dir/CheckFunctionExists.c.o  -o cmTC_0129f -lpthreads 
/usr/bin/ld: cannot find -lpthreads
collect2: error: ld returned 1 exit status
CMakeFiles/cmTC_0129f.dir/build.make:97: recipe for target 'cmTC_0129f' failed
make[1]: *** [cmTC_0129f] Error 1
make[1]: Leaving directory '/root/networkProject/lesson3-zhangxiyi/CMakeFiles/CMakeTmp'
Makefile:126: recipe for target 'cmTC_0129f/fast' failed
make: *** [cmTC_0129f/fast] Error 2


